13896: 08:06:18.763 - ---
13896: 08:06:18.763 - Service: "Photon Socket Server" starting
13896: 08:06:18.763 - Config File: D:\wGit\Unity\PhotonServer\Photon-OnPremise-Server-SDK_v4-0-29-11263\deploy\bin_Win64\PhotonServer.config
13896: 08:06:18.764 - Will produce at most: 10 crash dumps
13896: 08:06:18.764 - Service shutting down
13896: 08:06:18.766 - Service shut down complete
15080: 08:09:38.651 - ---
15080: 08:09:38.651 - Service: "Photon Socket Server" starting
15080: 08:09:38.651 - Config File: D:\wGit\Unity\PhotonServer\Photon-OnPremise-Server-SDK_v4-0-29-11263\deploy\bin_Win64\PhotonServer.config
15080: 08:09:38.652 - Will produce at most: 10 crash dumps
15080: 08:09:38.652 - Service shutting down
15080: 08:09:38.654 - Service shut down complete
8596: 08:27:28.919 - ---
8596: 08:27:28.919 - Service: "Photon Socket Server" starting
8596: 08:27:28.919 - Config File: D:\wGit\Unity\PhotonServer\Photon-OnPremise-Server-SDK_v4-0-29-11263\deploy\bin_Win64\PhotonServer.config
8596: 08:27:28.920 - Will produce at most: 10 crash dumps
8596: 08:27:28.920 - Service shutting down
8596: 08:27:28.921 - Service shut down complete
14604: 10:56:56.119 - ---
14604: 10:56:56.119 - Service: "Photon Socket Server" starting
14604: 10:56:56.119 - Config File: D:\wGit\Unity\PhotonServer\Photon-OnPremise-Server-SDK_v4-0-29-11263\deploy\bin_Win64\PhotonServer.config
14604: 10:56:56.120 - Will produce at most: 10 crash dumps
14604: 10:56:56.120 - Service shutting down
14604: 10:56:56.120 - Service shut down complete
11092: 10:58:27.373 - ---
11092: 10:58:27.373 - Service: "Photon Socket Server" starting
11092: 10:58:27.373 - Config File: D:\wGit\Unity\PhotonServer\Photon-OnPremise-Server-SDK_v4-0-29-11263\deploy\bin_Win64\PhotonServer.config
11092: 10:58:27.374 - Will produce at most: 10 crash dumps
11092: 10:58:27.374 - Service shutting down
11092: 10:58:27.374 - Service shut down complete
14504: 11:00:53.660 - ---
14504: 11:00:53.660 - Service: "Photon Socket Server" starting
14504: 11:00:53.660 - Config File: D:\wGit\Unity\PhotonServer\Photon-OnPremise-Server-SDK_v4-0-29-11263\deploy\bin_Win64\PhotonServer.config
14504: 11:00:53.661 - Will produce at most: 10 crash dumps
14504: 11:00:53.661 - Service shutting down
14504: 11:00:53.665 - Service shut down complete
16668: 11:01:47.075 - ---
16668: 11:01:47.075 - Service: "Photon Socket Server" starting
16668: 11:01:47.075 - Config File: D:\wGit\Unity\PhotonServer\Photon-OnPremise-Server-SDK_v4-0-29-11263\deploy\bin_Win64\PhotonServer.config
16668: 11:01:47.075 - Will produce at most: 10 crash dumps
16668: 11:01:47.076 - Service shutting down
16668: 11:01:47.076 - Service shut down complete
11096: 11:38:41.350 - ---
11096: 11:38:41.350 - Service: "Photon Socket Server" starting
11096: 11:38:41.350 - Config File: D:\wGit\Unity\PhotonServer\Photon-OnPremise-Server-SDK_v4-0-29-11263\deploy\bin_Win64\PhotonServer.config
11096: 11:38:41.351 - Will produce at most: 10 crash dumps
11096: 11:38:41.351 - Service shutting down
11096: 11:38:41.351 - Service shut down complete
16336: 18:04:49.975 - ---
16336: 18:04:49.976 - Service: "Photon Socket Server" starting
16336: 18:04:49.976 - Config File: D:\wGit\Unity\PhotonServer\Photon-OnPremise-Server-SDK_v4-0-29-11263\deploy\bin_Win64\PhotonServer.config
16336: 18:04:49.977 - Will produce at most: 10 crash dumps
16336: 18:04:49.977 - Service shutting down
16336: 18:04:49.977 - Service shut down complete
15292: 18:32:38.838 - ---
15292: 18:32:38.838 - Service: "Photon Socket Server" starting
15292: 18:32:38.838 - Config File: D:\wGit\Unity\PhotonServer\Photon-OnPremise-Server-SDK_v4-0-29-11263\deploy\bin_Win64\PhotonServer.config
15292: 18:32:38.840 - Will produce at most: 10 crash dumps
15292: 18:32:38.840 - Service shutting down
15292: 18:32:38.840 - Service shut down complete
