2018-08-10 13:39:25,981 [ 1] INFO  PhotonHostRuntime.PhotonDomainManager - Initialize: ApplicationName = 'DefaultDomain', DomainID = '1'
2018-08-10 13:39:25,994 [ 1] INFO  PhotonHostRuntime.PhotonDomainManager - AppDomains with unhandled exceptions are usually not unloaded and restarted.
2018-08-10 13:39:25,995 [ 1] INFO  PhotonHostRuntime.PhotonDomainManager - Getting license information:
2018-08-10 13:39:26,322 [ 1] INFO  PhotonHostRuntime.PhotonLicensing - LICENSE: No license file was found - starting with Bootstrap License.
2018-08-10 13:39:26,322 [ 1] INFO  PhotonHostRuntime.PhotonLicensing - LICENSE: Expiration: never; floating license: no; max connections: 20; valid IPs: any
2018-08-10 13:39:27,533 [ 1] INFO  PhotonHostRuntime.PhotonDomainManager - CreateAppDomain: name = 'MMoDemo' , assemblyName = 'Photon.MmoDemo.Server'
2018-08-10 13:39:27,536 [ 1] INFO  PhotonHostRuntime.PhotonDomainManager -   ApplicationBase = 'D:\PhotonServer\Photon-OnPremise-Server-SDK_v4-0-29-11263\deploy'
2018-08-10 13:39:27,536 [ 1] INFO  PhotonHostRuntime.PhotonDomainManager -   PrivateBinPath = 'D:\PhotonServer\Photon-OnPremise-Server-SDK_v4-0-29-11263\deploy\MmoDemo\bin;bin_Win64;Shared;'
2018-08-10 13:39:27,537 [ 1] INFO  PhotonHostRuntime.PhotonDomainManager -   ConfigurationFile = ''
2018-08-10 13:39:27,537 [ 1] INFO  PhotonHostRuntime.PhotonDomainManager -   CachePath = 'D:\PhotonServer\Photon-OnPremise-Server-SDK_v4-0-29-11263\deploy\MmoDemo\bin\Cache'
2018-08-10 13:39:27,642 [ 1] INFO  PhotonHostRuntime.PhotonDomainManager -   ApplicationPath = 'D:\PhotonServer\Photon-OnPremise-Server-SDK_v4-0-29-11263\deploy\MmoDemo'
2018-08-10 13:39:27,642 [ 1] INFO  PhotonHostRuntime.PhotonDomainManager -   BinaryPath = 'D:\PhotonServer\Photon-OnPremise-Server-SDK_v4-0-29-11263\deploy\MmoDemo\bin'
2018-08-10 13:39:27,643 [ 1] INFO  PhotonHostRuntime.PhotonDomainManager -   ApplicationRootPath = 'D:\PhotonServer\Photon-OnPremise-Server-SDK_v4-0-29-11263\deploy'
2018-08-10 13:39:27,643 [ 1] INFO  PhotonHostRuntime.PhotonDomainManager -   UnmanagedLogPath = 'D:\PhotonServer\Photon-OnPremise-Server-SDK_v4-0-29-11263\deploy\bin_Win64\log'
2018-08-10 13:39:27,656 [ 1] INFO  PhotonHostRuntime.PhotonDomainManager - AssemblyLoadEvent: Photon.MmoDemo.Server, Version=4.0.28.11221, Culture=neutral, PublicKeyToken=null from file:///D:/PhotonServer/Photon-OnPremise-Server-SDK_v4-0-29-11263/deploy/MmoDemo/bin/Photon.MmoDemo.Server.DLL
2018-08-10 13:39:27,657 [ 1] INFO  PhotonHostRuntime.PhotonDomainManager - Photon SDK:4.0.28.11245
2018-08-10 13:39:27,670 [ 1] INFO  PhotonHostRuntime.PhotonDomainManager - AssemblyLoadEvent: Photon.SocketServer, Version=4.0.28.11245, Culture=neutral, PublicKeyToken=48c2fa3b6988090e from file:///D:/PhotonServer/Photon-OnPremise-Server-SDK_v4-0-29-11263/deploy/MmoDemo/bin/Photon.SocketServer.DLL
2018-08-10 13:39:27,679 [ 1] INFO  PhotonHostRuntime.PhotonDomainManager - AssemblyLoadEvent: ExitGamesLibs, Version=1.0.4.0, Culture=neutral, PublicKeyToken=eac0edd9746a4aa0 from file:///D:/PhotonServer/Photon-OnPremise-Server-SDK_v4-0-29-11263/deploy/MmoDemo/bin/ExitGamesLibs.DLL
2018-08-10 13:39:27,693 [ 1] INFO  PhotonHostRuntime.PhotonDomainManager - Starting: name = 'MMoDemo', assemblyName = 'Photon.MmoDemo.Server', typeName = 'Photon.MmoDemo.Server.PhotonApplication'
2018-08-10 13:39:27,694 [ 1] INFO  PhotonHostRuntime.PhotonDomainManager - CreateAppDomain: name = 'CounterPublisher' , assemblyName = 'CounterPublisher'
2018-08-10 13:39:27,695 [ 1] INFO  PhotonHostRuntime.PhotonDomainManager -   ApplicationBase = 'D:\PhotonServer\Photon-OnPremise-Server-SDK_v4-0-29-11263\deploy'
2018-08-10 13:39:27,695 [ 1] INFO  PhotonHostRuntime.PhotonDomainManager -   PrivateBinPath = 'D:\PhotonServer\Photon-OnPremise-Server-SDK_v4-0-29-11263\deploy\CounterPublisher\bin;bin_Win64;Shared;'
2018-08-10 13:39:27,696 [ 1] INFO  PhotonHostRuntime.PhotonDomainManager -   ConfigurationFile = 'D:\PhotonServer\Photon-OnPremise-Server-SDK_v4-0-29-11263\deploy\CounterPublisher\bin\CounterPublisher.dll.config'
2018-08-10 13:39:27,696 [ 1] INFO  PhotonHostRuntime.PhotonDomainManager -   CachePath = 'D:\PhotonServer\Photon-OnPremise-Server-SDK_v4-0-29-11263\deploy\CounterPublisher\bin\Cache'
2018-08-10 13:39:27,748 [ 1] INFO  PhotonHostRuntime.PhotonDomainManager -   ApplicationPath = 'D:\PhotonServer\Photon-OnPremise-Server-SDK_v4-0-29-11263\deploy\CounterPublisher'
2018-08-10 13:39:27,748 [ 1] INFO  PhotonHostRuntime.PhotonDomainManager -   BinaryPath = 'D:\PhotonServer\Photon-OnPremise-Server-SDK_v4-0-29-11263\deploy\CounterPublisher\bin'
2018-08-10 13:39:27,748 [ 1] INFO  PhotonHostRuntime.PhotonDomainManager -   ApplicationRootPath = 'D:\PhotonServer\Photon-OnPremise-Server-SDK_v4-0-29-11263\deploy'
2018-08-10 13:39:27,748 [ 1] INFO  PhotonHostRuntime.PhotonDomainManager -   UnmanagedLogPath = 'D:\PhotonServer\Photon-OnPremise-Server-SDK_v4-0-29-11263\deploy\bin_Win64\log'
2018-08-10 13:39:27,753 [ 1] INFO  PhotonHostRuntime.PhotonDomainManager - AssemblyLoadEvent: CounterPublisher, Version=4.0.28.11221, Culture=neutral, PublicKeyToken=null from file:///D:/PhotonServer/Photon-OnPremise-Server-SDK_v4-0-29-11263/deploy/CounterPublisher/bin/CounterPublisher.DLL
2018-08-10 13:39:27,753 [ 1] INFO  PhotonHostRuntime.PhotonDomainManager - Photon SDK:4.0.28.11245
2018-08-10 13:39:27,759 [ 1] INFO  PhotonHostRuntime.PhotonDomainManager - AssemblyLoadEvent: Photon.SocketServer, Version=4.0.28.11245, Culture=neutral, PublicKeyToken=48c2fa3b6988090e from file:///D:/PhotonServer/Photon-OnPremise-Server-SDK_v4-0-29-11263/deploy/CounterPublisher/bin/Photon.SocketServer.DLL
2018-08-10 13:39:27,764 [ 1] INFO  PhotonHostRuntime.PhotonDomainManager - AssemblyLoadEvent: ExitGamesLibs, Version=1.0.4.0, Culture=neutral, PublicKeyToken=eac0edd9746a4aa0 from file:///D:/PhotonServer/Photon-OnPremise-Server-SDK_v4-0-29-11263/deploy/CounterPublisher/bin/ExitGamesLibs.DLL
2018-08-10 13:39:27,766 [ 1] INFO  PhotonHostRuntime.PhotonDomainManager - Starting: name = 'CounterPublisher', assemblyName = 'CounterPublisher', typeName = 'Photon.CounterPublisher.Application'
2018-08-10 13:39:27,782 [ 1] INFO  PhotonHostRuntime.PhotonDomainManager - PhotonRunning: ApplicationName = 'CounterPublisher', DomainId='3' -- calling Application.Setup
2018-08-10 13:39:27,786 [ 1] INFO  PhotonHostRuntime.PhotonDomainManager - AssemblyLoadEvent: ExitGames.Logging.Log4Net, Version=1.0.4.0, Culture=neutral, PublicKeyToken=eac0edd9746a4aa0 from file:///D:/PhotonServer/Photon-OnPremise-Server-SDK_v4-0-29-11263/deploy/CounterPublisher/bin/ExitGames.Logging.Log4Net.DLL
2018-08-10 13:39:29,135 [ 1] INFO  PhotonHostRuntime.PhotonDomainManager - PhotonRunning: ApplicationName = 'MMoDemo', DomainId='2' -- calling Application.Setup
2018-08-10 13:39:29,139 [ 1] INFO  PhotonHostRuntime.PhotonDomainManager - AssemblyLoadEvent: ExitGames.Logging.Log4Net, Version=1.0.4.0, Culture=neutral, PublicKeyToken=eac0edd9746a4aa0 from file:///D:/PhotonServer/Photon-OnPremise-Server-SDK_v4-0-29-11263/deploy/MmoDemo/bin/ExitGames.Logging.Log4Net.DLL
2018-08-10 13:39:29,196 [ 1] INFO  PhotonHostRuntime.PhotonDomainManager - AssemblyLoadEvent: Photon.MmoDemo.Common, Version=4.0.28.11221, Culture=neutral, PublicKeyToken=null from file:///D:/PhotonServer/Photon-OnPremise-Server-SDK_v4-0-29-11263/deploy/MmoDemo/bin/Photon.MmoDemo.Common.DLL
2018-08-10 13:39:29,821 [ 1] INFO  PhotonHostRuntime.PhotonDomainManager - PhotonRunning: ApplicationName = 'DefaultDomain', DomainId='1'
