16172: 07:51:12.774 - ---
16172: 07:51:12.774 - Service: "Photon Socket Server" starting
16172: 07:51:12.774 - Config File: D:\wGit\Unity\PhotonServer\Photon-OnPremise-Server-SDK_v4-0-29-11263\deploy\bin_Win64\PhotonServer.config
16172: 07:51:12.775 - Will produce at most: 10 crash dumps
16172: 07:51:12.775 - Service shutting down
16172: 07:51:12.776 - Service shut down complete
6344: 07:52:47.584 - ---
6344: 07:52:47.584 - Service: "Photon Socket Server" starting
6344: 07:52:47.584 - Config File: D:\wGit\Unity\PhotonServer\Photon-OnPremise-Server-SDK_v4-0-29-11263\deploy\bin_Win64\PhotonServer.config
6344: 07:52:47.585 - Will produce at most: 10 crash dumps
6344: 07:52:47.585 - Service shutting down
6344: 07:52:47.585 - Service shut down complete
18000: 07:54:37.152 - ---
18000: 07:54:37.152 - Service: "Photon Socket Server" starting
18000: 07:54:37.152 - Config File: D:\wGit\Unity\PhotonServer\Photon-OnPremise-Server-SDK_v4-0-29-11263\deploy\bin_Win64\PhotonServer.config
18000: 07:54:37.153 - Will produce at most: 10 crash dumps
18000: 07:54:37.153 - Service shutting down
18000: 07:54:37.154 - Service shut down complete
10368: 12:37:42.212 - ---
10368: 12:37:42.212 - Service: "Photon Socket Server" starting
10368: 12:37:42.212 - Config File: D:\wGit\Unity\PhotonServer\Photon-OnPremise-Server-SDK_v4-0-29-11263\deploy\bin_Win64\PhotonServer.config
10368: 12:37:42.213 - Will produce at most: 10 crash dumps
10368: 12:37:42.213 - Service shutting down
10368: 12:37:42.239 - Service shut down complete
4744: 12:38:18.151 - ---
4744: 12:38:18.151 - Service: "Photon Socket Server" starting
4744: 12:38:18.151 - Config File: D:\wGit\Unity\PhotonServer\Photon-OnPremise-Server-SDK_v4-0-29-11263\deploy\bin_Win64\PhotonServer.config
4744: 12:38:18.152 - Will produce at most: 10 crash dumps
4744: 12:38:18.152 - Service shutting down
4744: 12:38:18.153 - Service shut down complete
2260: 13:10:20.708 - ---
2260: 13:10:20.708 - Service: "Photon Socket Server" starting
2260: 13:10:20.708 - Config File: D:\wGit\Unity\PhotonServer\Photon-OnPremise-Server-SDK_v4-0-29-11263\deploy\bin_Win64\PhotonServer.config
2260: 13:10:20.710 - Will produce at most: 10 crash dumps
2260: 13:10:20.710 - Service shutting down
2260: 13:10:20.712 - Service shut down complete
17444: 13:24:31.534 - ---
17444: 13:24:31.534 - Service: "Photon Socket Server" starting
17444: 13:24:31.534 - Config File: D:\wGit\Unity\PhotonServer\Photon-OnPremise-Server-SDK_v4-0-29-11263\deploy\bin_Win64\PhotonServer.config
17444: 13:24:31.535 - Will produce at most: 10 crash dumps
17444: 13:24:31.535 - Service shutting down
17444: 13:24:31.536 - Service shut down complete
13952: 13:27:33.489 - ---
13952: 13:27:33.489 - Service: "Photon Socket Server" starting
13952: 13:27:33.489 - Config File: D:\wGit\Unity\PhotonServer\Photon-OnPremise-Server-SDK_v4-0-29-11263\deploy\bin_Win64\PhotonServer.config
13952: 13:27:33.490 - Will produce at most: 10 crash dumps
13952: 13:27:33.490 - Service shutting down
13952: 13:27:33.490 - Service shut down complete
7504: 14:08:07.292 - ---
7504: 14:08:07.292 - Service: "Photon Socket Server" starting
7504: 14:08:07.293 - Config File: D:\wGit\Unity\PhotonServer\Photon-OnPremise-Server-SDK_v4-0-29-11263\deploy\bin_Win64\PhotonServer.config
7504: 14:08:07.294 - Will produce at most: 10 crash dumps
7504: 14:08:07.295 - Service shutting down
7504: 14:08:07.295 - Service shut down complete
1144: 15:25:15.764 - ---
1144: 15:25:15.764 - Service: "Photon Socket Server" starting
1144: 15:25:15.764 - Config File: D:\wGit\Unity\PhotonServer\Photon-OnPremise-Server-SDK_v4-0-29-11263\deploy\bin_Win64\PhotonServer.config
1144: 15:25:15.765 - Will produce at most: 10 crash dumps
1144: 15:25:15.765 - Service shutting down
1144: 15:25:15.766 - Service shut down complete
1772: 15:29:26.842 - ---
1772: 15:29:26.842 - Service: "Photon Socket Server" starting
1772: 15:29:26.843 - Config File: D:\wGit\Unity\PhotonServer\Photon-OnPremise-Server-SDK_v4-0-29-11263\deploy\bin_Win64\PhotonServer.config
1772: 15:29:26.843 - Will produce at most: 10 crash dumps
1772: 15:29:26.844 - Service shutting down
1772: 15:29:26.844 - Service shut down complete
