10300: 08:11:10.762 - ---
10300: 08:11:10.762 - Service: "Photon Socket Server" starting
10300: 08:11:10.762 - Config File: D:\wGit\Unity\PhotonServer\Photon-OnPremise-Server-SDK_v4-0-29-11263\deploy\bin_Win64\PhotonServer.config
10300: 08:11:10.765 - Will produce at most: 10 crash dumps
10300: 08:11:10.765 - Action: run as exe
10300: 08:11:10.766 - Server Starting...
10300: 08:11:10.766 -    Tick count: 399692390 (wraps in: 45.0842 days)
10300: 08:11:10.766 - Tick count 64: 399692390
10300: 08:11:10.766 - Photon Version: 4.0.28.2962
10300: 08:11:10.766 - PID: 188
10300: 08:11:10.766 - Config File: D:\wGit\Unity\PhotonServer\Photon-OnPremise-Server-SDK_v4-0-29-11263\deploy\bin_Win64\PhotonServer.config
10300: 08:11:10.767 - Will NOT log unimportant exceptions
10300: 08:11:10.774 - Not using performance counters as they are not currently installed. Run the service with /InstallCounters to install them.
10300: 08:11:10.774 - Shutdown timeout enabled: 30000ms
10300: 08:11:10.775 - Starting I/O thread pool with 2 threads
10300: 08:11:10.775 - Using Standard allocator
10300: 08:11:10.775 - Max message size: 512000
10300: 08:11:10.776 - Starting business logic thread pool with the following settings
10300: 08:11:10.776 - InitialThreads: 4 threads
10300: 08:11:10.776 - MinThreads: 4 threads
10300: 08:11:10.776 - Thread pool is fixed size
10300: 08:11:10.776 - Starting ENet thread pool with the following settings
10300: 08:11:10.776 - InitialThreads: 2 threads
10300: 08:11:10.776 - MinThreads: 2 threads
10300: 08:11:10.776 - Thread pool is fixed size
10300: 08:11:10.776 - OnlyDispatchTimers: False
10300: 08:11:10.777 - S2S: flow control: Max pending writes: 50
10300: 08:11:10.777 - S2S: flow control: Max queued buffers: 200
10300: 08:11:10.777 - S2S: flow control: Max pending writes MUX: 500
10300: 08:11:10.777 - S2S: flow control: Max queued buffers MUX: 2000
10300: 08:11:10.777 - S2S: MaxInboundMessageSize: 512000
10300: 08:11:10.777 - S2S: MaxOutboundMessageSize: 512000
10300: 08:11:10.777 - S2S: No inactivity timeout
10300: 08:11:10.816 - WebSocket S2S: MaxInboundMessageSize: 512000
10300: 08:11:10.816 - WebSocket S2S: MaxOutboundMessageSize: 512000
10300: 08:11:10.816 - WebSocket S2S: No inactivity timeout
10300: 08:11:10.816 - Max Reliable Data In Transit (awaiting ACKs) per peer : 16384 bytes
10300: 08:11:10.816 - Per peer bandwidth limit
10300: 08:11:10.816 - Transmit Rate Limit: 256 KB/Sec
10300: 08:11:10.816 - Limit period: 200ms
10300: 08:11:10.816 - Limit per period: 52428 bytes
10300: 08:11:10.816 - Max queued data for transmission per peer: 163840 bytes
10300: 08:11:10.816 - Minimum retransmit timeout: 200
10300: 08:11:10.816 - No Maximum retransmit timeout
10300: 08:11:10.816 - Minimum ENet timeout: 5000ms
10300: 08:11:10.816 - Maximum ENet timeout: 30000ms
10300: 08:11:10.816 - Max Inbound Reliable Data Queued (awaiting resends of earlier sequence numbers) per peer : 163840 bytes
10300: 08:11:10.816 - No RTT ACK adjustment timeout
10300: 08:11:10.816 - Outbound ENet: MaxInboundMessageSize: 512000
10300: 08:11:10.816 - Outbound ENet: MaxOutboundMessageSize: 512000
10300: 08:11:10.836 - GetRuntime - About to load CLR - versions available:
10300: 08:11:10.836 - v2.0.50727
10300: 08:11:10.836 - v4.0.30319
10300: 08:11:10.836 - Configuration requests: "v2.0.50727"
10300: 08:11:10.836 - About to load version: "v2.0.50727"
10300: 08:11:10.856 - About to load runtime: PhotonHostRuntime.PhotonDomainManager from PhotonHostRuntime, Culture=neutral, PublicKeyToken=02C301B61B060C4D
10300: 08:11:10.856 - CLRBaseDirectory set to "D:\wGit\Unity\PhotonServer\Photon-OnPremise-Server-SDK_v4-0-29-11263\deploy"
10300: 08:11:10.856 - Optimising event broadcast for 20 or more peers
10300: 08:11:10.857 - Start: About to load CLR - versions available:
10300: 08:11:10.857 - v2.0.50727
10300: 08:11:10.857 - v4.0.30319
10300: 08:11:10.857 - No preference in configuration file, will load latest.
10300: 08:11:10.857 - About to load version: "v4.0.30319"
10300: 08:11:10.858 - Loaded version: "v4.0.30319"
10300: 08:11:10.991 - Photon host runtime loaded
10300: 08:11:12.439 - LICENSE: No license file was found. Starting with Bootstrap License.
10300: 08:11:12.439 - License is valid.
10300: 08:11:12.439 - Licensed for 20 concurrent connections.
10300: 08:11:12.439 - ENet: Max Reliable Data In Transit (awaiting ACKs) per peer : 16384 bytes
10300: 08:11:12.439 - ENet: Per peer bandwidth limit
10300: 08:11:12.439 - ENet: Transmit Rate Limit: 256 KB/Sec
10300: 08:11:12.439 - ENet: Limit period: 200ms
10300: 08:11:12.439 - ENet: Limit per period: 52428 bytes
10300: 08:11:12.439 - ENet: Max queued data for transmission per peer: 163840 bytes
10300: 08:11:12.439 - ENet: Minimum retransmit timeout: 200
10300: 08:11:12.439 - No Maximum retransmit timeout
10300: 08:11:12.439 - ENet: Minimum timeout: 5000ms
10300: 08:11:12.439 - ENet: Maximum timeout: 30000ms
10300: 08:11:12.439 - ENet: Max Inbound Reliable Data Queued (awaiting resends of earlier sequence numbers) per peer : 163840 bytes
10300: 08:11:12.439 - No RTT ACK adjustment timeout
10300: 08:11:12.439 - About to load application: WOEServer from WOEServer
10300: 08:11:12.439 - Auto restart is enabled for application, existing connections will be terminated during restart
10300: 08:11:12.439 - Application will restart 1000ms after the last change detected
10300: 08:11:12.439 - Application will restart if files matching the following are changed: "dll;config"
10300: 08:11:12.439 - Application will NOT restart if files matching the following are changed: "log4net.config"
10300: 08:11:12.578 - Taking reference on default app domain
10300: 08:11:12.646 - Application: "WOEServer" started in app domain: 2
10300: 08:11:12.647 - Adding TCP listener on: 0.0.0.0: 4530 with a listen backlog of: 150
10300: 08:11:12.647 - TCP inactivity timeout: 5000ms
10300: 08:11:12.647 - TCP disconnect timeout: 120000ms
10300: 08:11:12.647 - MaxInboundMessageSize: 512000
10300: 08:11:12.647 - MaxOutboundMessageSize: 512000
10300: 08:11:12.647 - Forcing all applications ids to: "WOEServer"
10300: 08:11:12.650 - Service is running...
10300: 08:13:52.475 - Service is stopped...
10300: 08:13:52.475 - Server shutting down...
10300: 08:13:52.475 - Shutdown monitoring enabled, 30000ms before process abort
10300: 08:13:52.475 - Notifying CLR applications of shutdown...
10300: 08:13:52.475 - RequestApplicationStop: 2
10300: 08:13:52.508 - RequestStop: defalt app domain
10300: 08:13:52.509 - Shutting down WebSocket Outbound Connection Manager...
10300: 08:13:52.529 - Shutting down TCP Outbound Connection Manager...
10300: 08:13:52.532 - Shutting down ENet Outbound Connection Manager...
10300: 08:13:52.532 - Disconnecting all outbound peers...
10300: 08:13:52.532 - Shutting down ENet host...
10300: 08:13:52.532 - Disconnecting all peers...
10300: 08:13:52.532 - Shutting down socket servers...
10300: 08:13:52.532 - Shutting down ENet thread pool...
10300: 08:13:52.533 - Shutting down TCP inactivity timers...
10300: 08:13:52.533 - WaitingForShutdownToComplete: TCP:0.0.0.0:4530
10300: 08:13:52.533 - OnShutdownCompleted: TCP:0.0.0.0:4530
10300: 08:13:52.533 - Shutting down CLR applications...
10300: 08:13:52.534 - Shutting down business logic thread pool...
9096: 08:13:52.534 - CManagedHost::OnDefaultAction() - OPR_AppDomainUnload - eUnloadAppDomain
10300: 08:13:52.543 - Shutting down I/O thread pool...
10300: 08:13:52.543 - Destroying servers
10300: 08:13:52.543 - Destroying WebSocket Outbound Connection Manager
10300: 08:13:52.543 - Destroying TCP Outbound Connection Manager
10300: 08:13:52.543 - Destroying TCP inactivity timer
10300: 08:13:52.543 - Destroying ENet timer wheel
10300: 08:13:52.543 - Destroying ENet host
10300: 08:13:52.543 - Destroying ENet outbound host
10300: 08:13:52.543 - Destroying HTTP inactivity timer
10300: 08:13:52.543 - Destroying HTTP host
10300: 08:13:52.543 - Destroying HTTP Chunk host
10300: 08:13:52.543 - Flushing ENET buffer allocator...
10300: 08:13:52.543 - Flushing TCP buffer handle allocator...
10300: 08:13:52.543 - Flushing stream socket allocator...
10300: 08:13:52.543 - Flushing inbound datagram socket allocator...
10300: 08:13:52.543 - Flushing outbound datagram socket allocator...
10300: 08:13:52.543 - Destroying CLR dispatcher
10300: 08:13:52.543 - Destroying CLR applications
10300: 08:13:52.543 - ~CCLRApplicationCollection() - Waiting up to 10 seconds for the CLR to release all of our objects
3340: 08:13:52.547 - Unloading Domain: ApplicationName = 'WOEServer', DomainId='2'
9096: 08:13:52.548 - CManagedHost::OnDomainUnload() - 2
10300: 08:13:52.550 - ~CCLRApplicationCollection() - Done. All objects released
10300: 08:13:52.550 - ~CManagedHost() - Release default app domain
10300: 08:13:52.550 - CManagedHost::OnDomainUnload() - 1
10300: 08:13:52.550 - ~CManagedHost() - Waiting up to 10 seconds for CLR shutdown...
10300: 08:13:52.550 - ~CManagedHost
10300: 08:13:52.550 - Destroying ENet thread pool
10300: 08:13:52.550 - Destroying Business logic thread pool
10300: 08:13:52.550 - Destroying I/O thread pool
10300: 08:13:52.550 - Destroying ENet buffer allocator
10300: 08:13:52.550 - Destroying TCP buffer allocator
10300: 08:13:52.550 - Destroying TCP socket allocator
10300: 08:13:52.550 - Destroying ENet inbound socket allocator
10300: 08:13:52.550 - Destroying ENet outbound socket allocator
10300: 08:13:52.550 - Destroying shared datagram flow control data
10300: 08:13:52.550 - Shutdown complete...
10300: 08:13:52.550 - Service shutting down
10300: 08:13:52.551 - Service shut down complete
13812: 08:21:00.454 - ---
13812: 08:21:00.454 - Service: "Photon Socket Server" starting
13812: 08:21:00.454 - Config File: D:\wGit\Unity\PhotonServer\Photon-OnPremise-Server-SDK_v4-0-29-11263\deploy\bin_Win64\PhotonServer.config
13812: 08:21:00.455 - Will produce at most: 10 crash dumps
13812: 08:21:00.455 - Action: run as exe
13812: 08:21:00.455 - Server Starting...
13812: 08:21:00.455 -    Tick count: 400282078 (wraps in: 45.0774 days)
13812: 08:21:00.455 - Tick count 64: 400282078
13812: 08:21:00.455 - Photon Version: 4.0.28.2962
13812: 08:21:00.455 - PID: 2260
13812: 08:21:00.455 - Config File: D:\wGit\Unity\PhotonServer\Photon-OnPremise-Server-SDK_v4-0-29-11263\deploy\bin_Win64\PhotonServer.config
13812: 08:21:00.455 - Will NOT log unimportant exceptions
13812: 08:21:00.457 - Not using performance counters as they are not currently installed. Run the service with /InstallCounters to install them.
13812: 08:21:00.457 - Shutdown timeout enabled: 30000ms
13812: 08:21:00.457 - Starting I/O thread pool with 2 threads
13812: 08:21:00.457 - Using Standard allocator
13812: 08:21:00.457 - Max message size: 512000
13812: 08:21:00.457 - Starting business logic thread pool with the following settings
13812: 08:21:00.457 - InitialThreads: 4 threads
13812: 08:21:00.457 - MinThreads: 4 threads
13812: 08:21:00.457 - Thread pool is fixed size
13812: 08:21:00.457 - Starting ENet thread pool with the following settings
13812: 08:21:00.457 - InitialThreads: 2 threads
13812: 08:21:00.457 - MinThreads: 2 threads
13812: 08:21:00.457 - Thread pool is fixed size
13812: 08:21:00.457 - OnlyDispatchTimers: False
13812: 08:21:00.457 - S2S: flow control: Max pending writes: 50
13812: 08:21:00.457 - S2S: flow control: Max queued buffers: 200
13812: 08:21:00.457 - S2S: flow control: Max pending writes MUX: 500
13812: 08:21:00.457 - S2S: flow control: Max queued buffers MUX: 2000
13812: 08:21:00.457 - S2S: MaxInboundMessageSize: 512000
13812: 08:21:00.457 - S2S: MaxOutboundMessageSize: 512000
13812: 08:21:00.457 - S2S: No inactivity timeout
13812: 08:21:00.459 - WebSocket S2S: MaxInboundMessageSize: 512000
13812: 08:21:00.459 - WebSocket S2S: MaxOutboundMessageSize: 512000
13812: 08:21:00.459 - WebSocket S2S: No inactivity timeout
13812: 08:21:00.459 - Max Reliable Data In Transit (awaiting ACKs) per peer : 16384 bytes
13812: 08:21:00.459 - Per peer bandwidth limit
13812: 08:21:00.459 - Transmit Rate Limit: 256 KB/Sec
13812: 08:21:00.459 - Limit period: 200ms
13812: 08:21:00.459 - Limit per period: 52428 bytes
13812: 08:21:00.459 - Max queued data for transmission per peer: 163840 bytes
13812: 08:21:00.459 - Minimum retransmit timeout: 200
13812: 08:21:00.459 - No Maximum retransmit timeout
13812: 08:21:00.459 - Minimum ENet timeout: 5000ms
13812: 08:21:00.459 - Maximum ENet timeout: 30000ms
13812: 08:21:00.459 - Max Inbound Reliable Data Queued (awaiting resends of earlier sequence numbers) per peer : 163840 bytes
13812: 08:21:00.459 - No RTT ACK adjustment timeout
13812: 08:21:00.459 - Outbound ENet: MaxInboundMessageSize: 512000
13812: 08:21:00.459 - Outbound ENet: MaxOutboundMessageSize: 512000
13812: 08:21:00.460 - GetRuntime - About to load CLR - versions available:
13812: 08:21:00.460 - v2.0.50727
13812: 08:21:00.460 - v4.0.30319
13812: 08:21:00.460 - Configuration requests: "v2.0.50727"
13812: 08:21:00.460 - About to load version: "v2.0.50727"
13812: 08:21:00.463 - About to load runtime: PhotonHostRuntime.PhotonDomainManager from PhotonHostRuntime, Culture=neutral, PublicKeyToken=02C301B61B060C4D
13812: 08:21:00.463 - CLRBaseDirectory set to "D:\wGit\Unity\PhotonServer\Photon-OnPremise-Server-SDK_v4-0-29-11263\deploy"
13812: 08:21:00.463 - Optimising event broadcast for 20 or more peers
13812: 08:21:00.464 - Start: About to load CLR - versions available:
13812: 08:21:00.464 - v2.0.50727
13812: 08:21:00.464 - v4.0.30319
13812: 08:21:00.464 - No preference in configuration file, will load latest.
13812: 08:21:00.464 - About to load version: "v4.0.30319"
13812: 08:21:00.465 - Loaded version: "v4.0.30319"
13812: 08:21:00.570 - Photon host runtime loaded
13812: 08:21:02.136 - LICENSE: No license file was found. Starting with Bootstrap License.
13812: 08:21:02.136 - License is valid.
13812: 08:21:02.136 - Licensed for 20 concurrent connections.
13812: 08:21:02.136 - ENet: Max Reliable Data In Transit (awaiting ACKs) per peer : 16384 bytes
13812: 08:21:02.136 - ENet: Per peer bandwidth limit
13812: 08:21:02.136 - ENet: Transmit Rate Limit: 256 KB/Sec
13812: 08:21:02.136 - ENet: Limit period: 200ms
13812: 08:21:02.136 - ENet: Limit per period: 52428 bytes
13812: 08:21:02.136 - ENet: Max queued data for transmission per peer: 163840 bytes
13812: 08:21:02.136 - ENet: Minimum retransmit timeout: 200
13812: 08:21:02.136 - No Maximum retransmit timeout
13812: 08:21:02.136 - ENet: Minimum timeout: 5000ms
13812: 08:21:02.136 - ENet: Maximum timeout: 30000ms
13812: 08:21:02.136 - ENet: Max Inbound Reliable Data Queued (awaiting resends of earlier sequence numbers) per peer : 163840 bytes
13812: 08:21:02.136 - No RTT ACK adjustment timeout
13812: 08:21:02.137 - About to load application: WOEServer from WOEServer
13812: 08:21:02.137 - Auto restart is enabled for application, existing connections will be terminated during restart
13812: 08:21:02.137 - Application will restart 1000ms after the last change detected
13812: 08:21:02.137 - Application will restart if files matching the following are changed: "dll;config"
13812: 08:21:02.137 - Application will NOT restart if files matching the following are changed: "log4net.config"
13812: 08:21:02.182 - Taking reference on default app domain
13812: 08:21:02.203 - Application: "WOEServer" started in app domain: 2
13812: 08:21:02.203 - Adding TCP listener on: 0.0.0.0: 4530 with a listen backlog of: 150
13812: 08:21:02.203 - TCP inactivity timeout: 5000ms
13812: 08:21:02.203 - TCP disconnect timeout: 120000ms
13812: 08:21:02.203 - MaxInboundMessageSize: 512000
13812: 08:21:02.203 - MaxOutboundMessageSize: 512000
13812: 08:21:02.203 - Forcing all applications ids to: "WOEServer"
13812: 08:21:02.205 - Service is running...
300: 08:26:56.984 - Restarting application: "WOEServer" due to file changes
300: 08:26:56.984 - Application: "WOEServer" restart request (abort existing connections)
300: 08:26:57.080 - Taking reference on default app domain
300: 08:26:57.188 - Application: "WOEServer" started in app domain: 3
300: 08:26:57.296 - RequestApplicationStop: 2
300: 08:26:57.299 - Application: "WOEServer" stopped in app domain: 2 (abort existing connections)
300: 08:26:57.299 - Application: "WOEServer" restart complete.
14288: 08:26:57.299 - CManagedHost::OnDefaultAction() - OPR_AppDomainUnload - eUnloadAppDomain
10880: 08:26:57.307 - Unloading Domain: ApplicationName = 'WOEServer', DomainId='2'
14288: 08:26:57.307 - CManagedHost::OnDomainUnload() - 2
13812: 08:27:17.255 - Service is stopped...
13812: 08:27:17.255 - Server shutting down...
13812: 08:27:17.255 - Shutdown monitoring disabled due to the fact we're running in the debugger
13812: 08:27:17.255 - Notifying CLR applications of shutdown...
13812: 08:27:17.255 - RequestApplicationStop: 3
13812: 08:27:17.258 - RequestStop: defalt app domain
13812: 08:27:17.259 - Shutting down WebSocket Outbound Connection Manager...
13812: 08:27:17.259 - Shutting down TCP Outbound Connection Manager...
13812: 08:27:17.259 - Shutting down ENet Outbound Connection Manager...
13812: 08:27:17.259 - Disconnecting all outbound peers...
13812: 08:27:17.259 - Shutting down ENet host...
13812: 08:27:17.259 - Disconnecting all peers...
13812: 08:27:17.259 - Shutting down socket servers...
13812: 08:27:17.259 - Shutting down ENet thread pool...
13812: 08:27:17.263 - Shutting down TCP inactivity timers...
13812: 08:27:17.264 - WaitingForShutdownToComplete: TCP:0.0.0.0:4530
13812: 08:27:17.264 - OnShutdownCompleted: TCP:0.0.0.0:4530
13812: 08:27:17.264 - Shutting down CLR applications...
13812: 08:27:17.266 - Shutting down business logic thread pool...
14288: 08:27:17.266 - CManagedHost::OnDefaultAction() - OPR_AppDomainUnload - eUnloadAppDomain
13812: 08:27:17.268 - Shutting down I/O thread pool...
13812: 08:27:17.268 - Destroying servers
13812: 08:27:17.268 - Destroying WebSocket Outbound Connection Manager
13812: 08:27:17.268 - Destroying TCP Outbound Connection Manager
13812: 08:27:17.268 - Destroying TCP inactivity timer
13812: 08:27:17.268 - Destroying ENet timer wheel
13812: 08:27:17.268 - Destroying ENet host
13812: 08:27:17.268 - Destroying ENet outbound host
13812: 08:27:17.268 - Destroying HTTP inactivity timer
13812: 08:27:17.268 - Destroying HTTP host
13812: 08:27:17.268 - Destroying HTTP Chunk host
13812: 08:27:17.268 - Flushing ENET buffer allocator...
13812: 08:27:17.268 - Flushing TCP buffer handle allocator...
13812: 08:27:17.268 - Flushing stream socket allocator...
13812: 08:27:17.268 - Flushing inbound datagram socket allocator...
13812: 08:27:17.268 - Flushing outbound datagram socket allocator...
13812: 08:27:17.268 - Destroying CLR dispatcher
13812: 08:27:17.268 - Destroying CLR applications
13812: 08:27:17.269 - ~CCLRApplicationCollection() - Waiting up to 10 seconds for the CLR to release all of our objects
10880: 08:27:17.274 - Unloading Domain: ApplicationName = 'WOEServer', DomainId='3'
14288: 08:27:17.276 - CManagedHost::OnDomainUnload() - 3
13812: 08:27:17.276 - ~CCLRApplicationCollection() - Done. All objects released
13812: 08:27:17.277 - ~CManagedHost() - Release default app domain
13812: 08:27:17.277 - CManagedHost::OnDomainUnload() - 1
13812: 08:27:17.277 - ~CManagedHost() - Waiting up to 10 seconds for CLR shutdown...
13812: 08:27:17.299 - ~CManagedHost
13812: 08:27:17.299 - Destroying ENet thread pool
13812: 08:27:17.299 - Destroying Business logic thread pool
13812: 08:27:17.299 - Destroying I/O thread pool
13812: 08:27:17.299 - Destroying ENet buffer allocator
13812: 08:27:17.299 - Destroying TCP buffer allocator
13812: 08:27:17.299 - Destroying TCP socket allocator
13812: 08:27:17.299 - Destroying ENet inbound socket allocator
13812: 08:27:17.299 - Destroying ENet outbound socket allocator
13812: 08:27:17.299 - Destroying shared datagram flow control data
13812: 08:27:17.299 - Shutdown complete...
13812: 08:27:17.300 - Service shutting down
13812: 08:27:17.300 - Service shut down complete
10492: 08:27:37.045 - ---
10492: 08:27:37.045 - Service: "Photon Socket Server" starting
10492: 08:27:37.046 - Config File: D:\wGit\Unity\PhotonServer\Photon-OnPremise-Server-SDK_v4-0-29-11263\deploy\bin_Win64\PhotonServer.config
10492: 08:27:37.047 - Will produce at most: 10 crash dumps
10492: 08:27:37.047 - Action: run as exe
10492: 08:27:37.047 - Server Starting...
10492: 08:27:37.047 -    Tick count: 400678656 (wraps in: 45.0728 days)
10492: 08:27:37.047 - Tick count 64: 400678656
10492: 08:27:37.047 - Photon Version: 4.0.28.2962
10492: 08:27:37.047 - PID: 5908
10492: 08:27:37.047 - Config File: D:\wGit\Unity\PhotonServer\Photon-OnPremise-Server-SDK_v4-0-29-11263\deploy\bin_Win64\PhotonServer.config
10492: 08:27:37.047 - Will NOT log unimportant exceptions
10492: 08:27:37.049 - Not using performance counters as they are not currently installed. Run the service with /InstallCounters to install them.
10492: 08:27:37.049 - Shutdown timeout enabled: 30000ms
10492: 08:27:37.049 - Starting I/O thread pool with 2 threads
10492: 08:27:37.049 - Using Standard allocator
10492: 08:27:37.049 - Max message size: 512000
10492: 08:27:37.049 - Starting business logic thread pool with the following settings
10492: 08:27:37.049 - InitialThreads: 4 threads
10492: 08:27:37.049 - MinThreads: 4 threads
10492: 08:27:37.049 - Thread pool is fixed size
10492: 08:27:37.049 - Starting ENet thread pool with the following settings
10492: 08:27:37.049 - InitialThreads: 2 threads
10492: 08:27:37.049 - MinThreads: 2 threads
10492: 08:27:37.049 - Thread pool is fixed size
10492: 08:27:37.049 - OnlyDispatchTimers: False
10492: 08:27:37.049 - S2S: flow control: Max pending writes: 50
10492: 08:27:37.049 - S2S: flow control: Max queued buffers: 200
10492: 08:27:37.049 - S2S: flow control: Max pending writes MUX: 500
10492: 08:27:37.049 - S2S: flow control: Max queued buffers MUX: 2000
10492: 08:27:37.049 - S2S: MaxInboundMessageSize: 512000
10492: 08:27:37.049 - S2S: MaxOutboundMessageSize: 512000
10492: 08:27:37.049 - S2S: No inactivity timeout
10492: 08:27:37.051 - WebSocket S2S: MaxInboundMessageSize: 512000
10492: 08:27:37.051 - WebSocket S2S: MaxOutboundMessageSize: 512000
10492: 08:27:37.051 - WebSocket S2S: No inactivity timeout
10492: 08:27:37.051 - Max Reliable Data In Transit (awaiting ACKs) per peer : 16384 bytes
10492: 08:27:37.051 - Per peer bandwidth limit
10492: 08:27:37.051 - Transmit Rate Limit: 256 KB/Sec
10492: 08:27:37.051 - Limit period: 200ms
10492: 08:27:37.051 - Limit per period: 52428 bytes
10492: 08:27:37.051 - Max queued data for transmission per peer: 163840 bytes
10492: 08:27:37.051 - Minimum retransmit timeout: 200
10492: 08:27:37.051 - No Maximum retransmit timeout
10492: 08:27:37.051 - Minimum ENet timeout: 5000ms
10492: 08:27:37.051 - Maximum ENet timeout: 30000ms
10492: 08:27:37.051 - Max Inbound Reliable Data Queued (awaiting resends of earlier sequence numbers) per peer : 163840 bytes
10492: 08:27:37.051 - No RTT ACK adjustment timeout
10492: 08:27:37.051 - Outbound ENet: MaxInboundMessageSize: 512000
10492: 08:27:37.051 - Outbound ENet: MaxOutboundMessageSize: 512000
10492: 08:27:37.052 - GetRuntime - About to load CLR - versions available:
10492: 08:27:37.052 - v2.0.50727
10492: 08:27:37.052 - v4.0.30319
10492: 08:27:37.052 - Configuration requests: "v2.0.50727"
10492: 08:27:37.052 - About to load version: "v2.0.50727"
10492: 08:27:37.055 - About to load runtime: PhotonHostRuntime.PhotonDomainManager from PhotonHostRuntime, Culture=neutral, PublicKeyToken=02C301B61B060C4D
10492: 08:27:37.055 - CLRBaseDirectory set to "D:\wGit\Unity\PhotonServer\Photon-OnPremise-Server-SDK_v4-0-29-11263\deploy"
10492: 08:27:37.055 - Optimising event broadcast for 20 or more peers
10492: 08:27:37.055 - Start: About to load CLR - versions available:
10492: 08:27:37.056 - v2.0.50727
10492: 08:27:37.056 - v4.0.30319
10492: 08:27:37.056 - No preference in configuration file, will load latest.
10492: 08:27:37.056 - About to load version: "v4.0.30319"
10492: 08:27:37.056 - Loaded version: "v4.0.30319"
10492: 08:27:37.164 - Photon host runtime loaded
10492: 08:27:38.730 - LICENSE: No license file was found. Starting with Bootstrap License.
10492: 08:27:38.730 - License is valid.
10492: 08:27:38.730 - Licensed for 20 concurrent connections.
10492: 08:27:38.730 - ENet: Max Reliable Data In Transit (awaiting ACKs) per peer : 16384 bytes
10492: 08:27:38.730 - ENet: Per peer bandwidth limit
10492: 08:27:38.730 - ENet: Transmit Rate Limit: 256 KB/Sec
10492: 08:27:38.730 - ENet: Limit period: 200ms
10492: 08:27:38.730 - ENet: Limit per period: 52428 bytes
10492: 08:27:38.730 - ENet: Max queued data for transmission per peer: 163840 bytes
10492: 08:27:38.730 - ENet: Minimum retransmit timeout: 200
10492: 08:27:38.730 - No Maximum retransmit timeout
10492: 08:27:38.730 - ENet: Minimum timeout: 5000ms
10492: 08:27:38.730 - ENet: Maximum timeout: 30000ms
10492: 08:27:38.730 - ENet: Max Inbound Reliable Data Queued (awaiting resends of earlier sequence numbers) per peer : 163840 bytes
10492: 08:27:38.730 - No RTT ACK adjustment timeout
10492: 08:27:38.730 - About to load application: WOEServer from WOEServer
10492: 08:27:38.730 - Auto restart is enabled for application, existing connections will be terminated during restart
10492: 08:27:38.730 - Application will restart 1000ms after the last change detected
10492: 08:27:38.730 - Application will restart if files matching the following are changed: "dll;config"
10492: 08:27:38.730 - Application will NOT restart if files matching the following are changed: "log4net.config"
10492: 08:27:38.781 - Taking reference on default app domain
10492: 08:27:38.804 - Application: "WOEServer" started in app domain: 2
10492: 08:27:38.804 - Adding TCP listener on: 0.0.0.0: 4530 with a listen backlog of: 150
10492: 08:27:38.804 - TCP inactivity timeout: 5000ms
10492: 08:27:38.804 - TCP disconnect timeout: 120000ms
10492: 08:27:38.804 - MaxInboundMessageSize: 512000
10492: 08:27:38.804 - MaxOutboundMessageSize: 512000
10492: 08:27:38.804 - Forcing all applications ids to: "WOEServer"
10492: 08:27:38.807 - Service is running...
12028: 08:31:24.923 - Restarting application: "WOEServer" due to file changes
12028: 08:31:24.923 - Application: "WOEServer" restart request (abort existing connections)
12028: 08:31:24.966 - Taking reference on default app domain
12028: 08:31:24.987 - Application: "WOEServer" started in app domain: 3
12028: 08:31:25.072 - RequestApplicationStop: 2
12028: 08:31:25.076 - Application: "WOEServer" stopped in app domain: 2 (abort existing connections)
12028: 08:31:25.076 - Application: "WOEServer" restart complete.
13404: 08:31:25.078 - CManagedHost::OnDefaultAction() - OPR_AppDomainUnload - eUnloadAppDomain
14124: 08:31:25.097 - Unloading Domain: ApplicationName = 'WOEServer', DomainId='2'
13404: 08:31:25.098 - CManagedHost::OnDomainUnload() - 2
12028: 08:35:45.521 - Restarting application: "WOEServer" due to file changes
12028: 08:35:45.521 - Application: "WOEServer" restart request (abort existing connections)
12028: 08:35:45.652 - Taking reference on default app domain
12028: 08:35:45.675 - Application: "WOEServer" started in app domain: 4
12028: 08:35:45.762 - RequestApplicationStop: 3
12028: 08:35:45.767 - Application: "WOEServer" stopped in app domain: 3 (abort existing connections)
12028: 08:35:45.767 - Application: "WOEServer" restart complete.
13404: 08:35:45.769 - CManagedHost::OnDefaultAction() - OPR_AppDomainUnload - eUnloadAppDomain
14124: 08:35:45.777 - Unloading Domain: ApplicationName = 'WOEServer', DomainId='3'
13404: 08:35:45.777 - CManagedHost::OnDomainUnload() - 3
12028: 08:37:01.624 - Restarting application: "WOEServer" due to file changes
12028: 08:37:01.624 - Application: "WOEServer" restart request (abort existing connections)
12028: 08:37:01.673 - Taking reference on default app domain
12028: 08:37:01.694 - Application: "WOEServer" started in app domain: 5
12028: 08:37:01.780 - RequestApplicationStop: 4
12028: 08:37:01.785 - Application: "WOEServer" stopped in app domain: 4 (abort existing connections)
12028: 08:37:01.785 - Application: "WOEServer" restart complete.
13404: 08:37:01.788 - CManagedHost::OnDefaultAction() - OPR_AppDomainUnload - eUnloadAppDomain
14124: 08:37:01.795 - Unloading Domain: ApplicationName = 'WOEServer', DomainId='4'
13404: 08:37:01.796 - CManagedHost::OnDomainUnload() - 4
12028: 17:32:26.280 - Restarting application: "WOEServer" due to file changes
12028: 17:32:26.280 - Application: "WOEServer" restart request (abort existing connections)
12028: 17:32:26.318 - Taking reference on default app domain
12028: 17:32:26.337 - Application: "WOEServer" started in app domain: 6
12028: 17:32:26.418 - RequestApplicationStop: 5
12028: 17:32:26.420 - Application: "WOEServer" stopped in app domain: 5 (abort existing connections)
13404: 17:32:26.420 - CManagedHost::OnDefaultAction() - OPR_AppDomainUnload - eUnloadAppDomain
12028: 17:32:26.420 - Application: "WOEServer" restart complete.
14124: 17:32:26.428 - Unloading Domain: ApplicationName = 'WOEServer', DomainId='5'
13404: 17:32:26.428 - CManagedHost::OnDomainUnload() - 5
12028: 17:37:34.818 - Restarting application: "WOEServer" due to file changes
12028: 17:37:34.818 - Application: "WOEServer" restart request (abort existing connections)
12028: 17:37:34.908 - Taking reference on default app domain
12028: 17:37:34.930 - Application: "WOEServer" started in app domain: 7
12028: 17:37:35.011 - RequestApplicationStop: 6
12028: 17:37:35.013 - Application: "WOEServer" stopped in app domain: 6 (abort existing connections)
12028: 17:37:35.013 - Application: "WOEServer" restart complete.
13404: 17:37:35.014 - CManagedHost::OnDefaultAction() - OPR_AppDomainUnload - eUnloadAppDomain
14124: 17:37:35.023 - Unloading Domain: ApplicationName = 'WOEServer', DomainId='6'
13404: 17:37:35.023 - CManagedHost::OnDomainUnload() - 6
12028: 17:39:39.416 - Restarting application: "WOEServer" due to file changes
12028: 17:39:39.416 - Application: "WOEServer" restart request (abort existing connections)
12028: 17:39:39.482 - Taking reference on default app domain
12028: 17:39:39.509 - Application: "WOEServer" started in app domain: 8
12028: 17:39:39.600 - RequestApplicationStop: 7
12028: 17:39:39.602 - Application: "WOEServer" stopped in app domain: 7 (abort existing connections)
12028: 17:39:39.602 - Application: "WOEServer" restart complete.
13404: 17:39:39.604 - CManagedHost::OnDefaultAction() - OPR_AppDomainUnload - eUnloadAppDomain
14124: 17:39:39.611 - Unloading Domain: ApplicationName = 'WOEServer', DomainId='7'
13404: 17:39:39.611 - CManagedHost::OnDomainUnload() - 7
12028: 17:41:29.437 - Restarting application: "WOEServer" due to file changes
12028: 17:41:29.437 - Application: "WOEServer" restart request (abort existing connections)
12028: 17:41:29.522 - Taking reference on default app domain
12028: 17:41:29.555 - Application: "WOEServer" started in app domain: 9
12028: 17:41:29.658 - RequestApplicationStop: 8
12028: 17:41:29.660 - Application: "WOEServer" stopped in app domain: 8 (abort existing connections)
12028: 17:41:29.660 - Application: "WOEServer" restart complete.
13404: 17:41:29.663 - CManagedHost::OnDefaultAction() - OPR_AppDomainUnload - eUnloadAppDomain
14124: 17:41:29.670 - Unloading Domain: ApplicationName = 'WOEServer', DomainId='8'
13404: 17:41:29.670 - CManagedHost::OnDomainUnload() - 8
12028: 17:51:42.071 - Restarting application: "WOEServer" due to file changes
12028: 17:51:42.071 - Application: "WOEServer" restart request (abort existing connections)
12028: 17:51:42.155 - Taking reference on default app domain
12028: 17:51:42.180 - Application: "WOEServer" started in app domain: 10
12028: 17:51:42.284 - RequestApplicationStop: 9
12028: 17:51:42.286 - Application: "WOEServer" stopped in app domain: 9 (abort existing connections)
12028: 17:51:42.286 - Application: "WOEServer" restart complete.
13404: 17:51:42.287 - CManagedHost::OnDefaultAction() - OPR_AppDomainUnload - eUnloadAppDomain
14124: 17:51:42.297 - Unloading Domain: ApplicationName = 'WOEServer', DomainId='9'
13404: 17:51:42.297 - CManagedHost::OnDomainUnload() - 9
12028: 18:02:54.674 - Restarting application: "WOEServer" due to file changes
12028: 18:02:54.674 - Application: "WOEServer" restart request (abort existing connections)
12028: 18:02:54.780 - Taking reference on default app domain
12028: 18:02:54.809 - Application: "WOEServer" started in app domain: 11
12028: 18:02:54.889 - RequestApplicationStop: 10
12028: 18:02:54.892 - Application: "WOEServer" stopped in app domain: 10 (abort existing connections)
12028: 18:02:54.892 - Application: "WOEServer" restart complete.
13404: 18:02:54.892 - CManagedHost::OnDefaultAction() - OPR_AppDomainUnload - eUnloadAppDomain
14124: 18:02:54.899 - Unloading Domain: ApplicationName = 'WOEServer', DomainId='10'
13404: 18:02:54.899 - CManagedHost::OnDomainUnload() - 10
12028: 18:03:38.949 - Restarting application: "WOEServer" due to file changes
12028: 18:03:38.949 - Application: "WOEServer" restart request (abort existing connections)
12028: 18:03:39.043 - Taking reference on default app domain
12028: 18:03:39.063 - Application: "WOEServer" started in app domain: 12
12028: 18:03:39.143 - RequestApplicationStop: 11
12028: 18:03:39.146 - Application: "WOEServer" stopped in app domain: 11 (abort existing connections)
12028: 18:03:39.146 - Application: "WOEServer" restart complete.
13404: 18:03:39.146 - CManagedHost::OnDefaultAction() - OPR_AppDomainUnload - eUnloadAppDomain
14124: 18:03:39.153 - Unloading Domain: ApplicationName = 'WOEServer', DomainId='11'
13404: 18:03:39.153 - CManagedHost::OnDomainUnload() - 11
12028: 18:03:41.846 - Restarting application: "WOEServer" due to file changes
12028: 18:03:41.846 - Application: "WOEServer" restart request (abort existing connections)
12028: 18:03:41.889 - Taking reference on default app domain
12028: 18:03:41.909 - Application: "WOEServer" started in app domain: 13
12028: 18:03:41.986 - RequestApplicationStop: 12
12028: 18:03:41.989 - Application: "WOEServer" stopped in app domain: 12 (abort existing connections)
13404: 18:03:41.989 - CManagedHost::OnDefaultAction() - OPR_AppDomainUnload - eUnloadAppDomain
12028: 18:03:41.989 - Application: "WOEServer" restart complete.
14124: 18:03:41.996 - Unloading Domain: ApplicationName = 'WOEServer', DomainId='12'
13404: 18:03:41.996 - CManagedHost::OnDomainUnload() - 12
12028: 18:06:18.949 - Restarting application: "WOEServer" due to file changes
12028: 18:06:18.949 - Application: "WOEServer" restart request (abort existing connections)
12028: 18:06:19.114 - Taking reference on default app domain
12028: 18:06:19.176 - Application: "WOEServer" started in app domain: 14
12028: 18:06:19.294 - RequestApplicationStop: 13
12028: 18:06:19.296 - Application: "WOEServer" stopped in app domain: 13 (abort existing connections)
13404: 18:06:19.296 - CManagedHost::OnDefaultAction() - OPR_AppDomainUnload - eUnloadAppDomain
12028: 18:06:19.296 - Application: "WOEServer" restart complete.
14124: 18:06:19.303 - Unloading Domain: ApplicationName = 'WOEServer', DomainId='13'
13404: 18:06:19.303 - CManagedHost::OnDomainUnload() - 13
12028: 18:58:28.443 - Restarting application: "WOEServer" due to file changes
12028: 18:58:28.443 - Application: "WOEServer" restart request (abort existing connections)
12028: 18:58:28.481 - Taking reference on default app domain
12028: 18:58:28.500 - Application: "WOEServer" started in app domain: 15
12028: 18:58:28.581 - RequestApplicationStop: 14
12028: 18:58:28.584 - Application: "WOEServer" stopped in app domain: 14 (abort existing connections)
12028: 18:58:28.584 - Application: "WOEServer" restart complete.
13404: 18:58:28.584 - CManagedHost::OnDefaultAction() - OPR_AppDomainUnload - eUnloadAppDomain
14124: 18:58:28.591 - Unloading Domain: ApplicationName = 'WOEServer', DomainId='14'
13404: 18:58:28.591 - CManagedHost::OnDomainUnload() - 14
